C51 COMPILER V9.60.0.0   ANJIAN                                                            12/12/2020 01:20:01 PAGE 1   


C51 COMPILER V9.60.0.0, COMPILATION OF MODULE ANJIAN
OBJECT MODULE PLACED IN ..\output\anjian.obj
COMPILER INVOKED BY: C:\Keil_v5\C51\BIN\C51.EXE ..\source\anjian.c OPTIMIZE(8,SPEED) BROWSE DEBUG OBJECTEXTEND PRINT(..\
                    -listing\anjian.lst) TABS(2) OBJECT(..\output\anjian.obj)

line level    source

   1          #include <reg52.h>
   2          #include "anjian.h"
   3          #include "delay.h"
   4          void anjian()
   5          {
   6   1          if(key1==0) 
   7   1          {yunxing=0;
   8   2          delay(10);
   9   2          if (key1==0)
  10   2          sw+=1;
  11   2          }
  12   1          if(sw==3) 
  13   1          { if(key2==0)
  14   2          { zkbb=1;
  15   3             zkb+=10;}
  16   2            if(zkb>90)zkb=90;
  17   2            if(key3==0)
  18   2            {zkbb=1;
  19   3           zkb-=10;}
  20   2            if(zkb<10) zkb=10;
  21   2            }
  22   1          if(sw==2) 
  23   1          { if(key2==0) gaowen+=1;
  24   2            if(key3==0) gaowen-=1;}
  25   1          if(sw==1) 
  26   1          { if(key2==0) diwen+=1;
  27   2            if(key3==0) diwen-=1;
  28   2          }
  29   1          if(sw==4){if(key2==0) {djbb=1;djb=1;}
  30   2                    if(key3==0){djbb=1;djb=0;}}
  31   1          if(sw==5){if(key3==0)zkbb=0;djbb=0;}
  32   1          if(sw==6) {sw=0;yunxing=1;}
  33   1      }


MODULE INFORMATION:   STATIC OVERLAYABLE
   CODE SIZE        =    181    ----
   CONSTANT SIZE    =   ----    ----
   XDATA SIZE       =   ----    ----
   PDATA SIZE       =   ----    ----
   DATA SIZE        =   ----    ----
   IDATA SIZE       =   ----    ----
   BIT SIZE         =   ----    ----
END OF MODULE INFORMATION.


C51 COMPILATION COMPLETE.  0 WARNING(S),  0 ERROR(S)
