C51 COMPILER V9.60.0.0   DELAY                                                             12/14/2020 14:55:07 PAGE 1   


C51 COMPILER V9.60.0.0, COMPILATION OF MODULE DELAY
OBJECT MODULE PLACED IN ..\output\delay.obj
COMPILER INVOKED BY: C:\Keil_v5\C51\BIN\C51.EXE ..\source\delay.c OPTIMIZE(8,SPEED) BROWSE DEBUG OBJECTEXTEND PRINT(..\l
                    -isting\delay.lst) TABS(2) OBJECT(..\output\delay.obj)

line level    source

   1          #include <intrins.h>
   2          
   3          
   4          
   5          #include "delay.h"
   6          
   7          
   8          
   9          
  10          
  11          
  12          
  13          
  14          
  15          
  16          /*延时xms函数*/
  17          void delay(uint xms){
  18   1        uint i, j;
  19   1        for(i = xms; i > 0; i--)
  20   1          for(j = 110; j > 0; j--);
  21   1      }
  22          
  23          void delay_us(uint n)    //延时约16微妙
  24          {   
  25   1          while(n--);
  26   1         }


MODULE INFORMATION:   STATIC OVERLAYABLE
   CODE SIZE        =     41    ----
   CONSTANT SIZE    =   ----    ----
   XDATA SIZE       =   ----    ----
   PDATA SIZE       =   ----    ----
   DATA SIZE        =   ----    ----
   IDATA SIZE       =   ----    ----
   BIT SIZE         =   ----    ----
END OF MODULE INFORMATION.


C51 COMPILATION COMPLETE.  0 WARNING(S),  0 ERROR(S)
