C51 COMPILER V6.12  MAIN                                                                   12/06/2020 16:25:15 PAGE 1   


C51 COMPILER V6.12, COMPILATION OF MODULE MAIN
OBJECT MODULE PLACED IN ..\output\main.obj
COMPILER INVOKED BY: C:\Keil\C51\BIN\C51.EXE ..\source\main.c BROWSE DEBUG OBJECTEXTEND PRINT(..\listing\main.lst) OBJEC
                    -T(..\output\main.obj) 

stmt level    source

   1          
   2          
   3          
   4          
   5          
   6          
   7          
   8          
   9          
  10          
  11          
  12          
  13          
  14          
  15          
  16          
  17          
  18          
  19          
  20          
  21          
  22          
  23          
  24          
  25          
  26          
  27          
  28          
  29          
  30          
  31          
  32          
  33          
  34          
  35          
  36          
  37          
  38          
  39          
  40          
  41          
  42          
  43          
  44          
  45          
  46          
  47          
  48          #include "eeprom.h"
  49          #include <reg52.h>
  50          #include <string.h>
  51          #include <intrins.h>
  52          #include "lcd1602.h"
  53          #include "anjian.h"
  54          #include "delay.h"
C51 COMPILER V6.12  MAIN                                                                   12/06/2020 16:25:15 PAGE 2   

  55          #include "lanya.h"
  56          #define uchar unsigned char
  57          #define uint unsigned int
  58          #define FOSC 11.0592 // 系统晶振频率11.0592MHz
  59          
  60          /*distance   表示此次加药剂量
  61          m时间间隔
  62          l模式
  63          h次数
  64          zkb占空比
  65          pl 频率
  66          FACTOR流量计算系数
  67          */
  68          
  69          
  70          
  71          	
  72          /*主模块端口定义*/
  73          sbit pwm = P2^1; // 电平触发输入引脚
  74          
  75          
  76          
  77          
  78          
  79          
  80          /*主模块函数声明*/
  81          void computeDis();
  82          
  83           
  84           
  85          uchar TxStr[3] = {0};
  86          uchar dat[2] ={0x01,0x02};
  87          
  88          
  89          
  90          /*定义全局变量*/
  91          uint distance = 0; // 存放距离
  92          unsigned int sw,l,m,h,d,ll,tingzhi,tingzhis,shijian, FACTOR,zkb,pl,pwmt,quanshu,yunxing;
  93          /*distance   表示此次加药剂量
  94          m时间间隔
  95          l模式
  96          h次数
  97          zkb占空比
  98          pl 频率
  99          FACTOR流量计算系数
 100          tingzhi 间隔标志
 101          tingzhis 间隔时间
 102          shijian 单片机运行实际时间
 103          dj 不记pwm情况下的电机启动
 104          外部中断0 跳沿触发 计算圈数
 105          定时器0  计时
 106          定时器1 产生波特率
 107          定时器2 pwm调速
 108          实际流量=圈数*流量计算系数
 109          
 110          */
 111           uchar djb;
 112          
 113          /*主函数*/
 114          void main(){
 115   1      	uchar bz =0;
 116   1      	quanshu=0;
C51 COMPILER V6.12  MAIN                                                                   12/06/2020 16:25:15 PAGE 3   

 117   1      	pl=100;//1khz
 118   1      	zkb=50;//30%
 119   1      	pwmt=0;
 120   1      	tingzhis=0;
 121   1      	tingzhi=0;
 122   1      	shijian=0;
 123   1      	l=100;
 124   1      	m=20;
 125   1      	h=10;
 126   1      	sw=0;
 127   1      
 128   1      	dj=0;
 129   1      
 130   1      	yunxing=0;
 131   1      	LCDInit();
 132   1      	timerInit();
 133   1       	FACTOR=115; 
 134   1      /*eeprom	
 135   1          SectorErase(0x2000);    //擦除第一扇区
 136   1          byte_write(0x2001,dat[0]);   //在地址为0x2001的内存写入一个字节
 137   1          byte_write(0x2002,dat[1]);   //在地址为0x2002的内存写入一个字节
 138   1          delay(1000);       //延时1s
 139   1          TxStr[0] = byte_read(0x2001);     //从地址0x2001读取一个字节
 140   1              TxStr[1] = byte_read(0x2002);     //从地址0x2002读取一个字节
 141   1       
 142   1      
 143   1       
 144   1              delay(2000);        //延时2s
 145   1        */
 146   1          while(1)
 147   1          { 
 148   2             
 149   2      
 150   2      	
 151   2      	if(yunxing==1)
 152   2      
 153   2      {
 154   3      
 155   3      		if(tingzhi==1)
 156   3      	{	
 157   4      	if(bz==0)
 158   4      	 {tingzhis=shijian;//计算停止时间
 159   5      		bz=1;
 160   5      		}
 161   4      
 162   4      	if((shijian-tingzhis)>=m)
 163   4      	{
 164   5      	tingzhi=0;//停止标志位恢复
 165   5      	bz=0;
 166   5      	}
 167   4      	}
 168   3      
 169   3      
 170   3      	computeDis();		//计算
 171   3      	if(tingzhi==0)
 172   3      	{	if(h>0)
 173   4      		{
 174   5      			
 175   5      					
 176   5      			if(distance<l)
 177   5      			{dj=1;
 178   6      			delay(1);
C51 COMPILER V6.12  MAIN                                                                   12/06/2020 16:25:15 PAGE 4   

 179   6      			}
 180   5      			if(distance>=l)
 181   5      			{	
 182   6      				dj=0;
 183   6      				delay(1);
 184   6      				h=h-1;
 185   6      				tingzhi=1;
 186   6      			}
 187   5      		}
 188   4      	}
 189   3      
 190   3      }
 191   2      	display(distance,l,m,h);		// 显示流量 模式l 时间间隔m 次数h 
*** WARNING C209 IN LINE 191 OF ..\SOURCE\MAIN.C: '_display': too few actual parameters
 192   2           anjian();
 193   2      
 194   2      		}
 195   1      	
 196   1      		if(djb==1)
 197   1      			{
 198   2      					dj=1;
 199   2      					delay(50);
 200   2      			}
 201   1      			if(djb==0)
 202   1      			{
 203   2      					dj=0;
 204   2      					delay(10);
 205   2      			}
 206   1      }
 207          
 208          
 209          
 210          
 211          
 212          /*void timer0Service() interrupt 1{  // 定时器0中断    秒计时
 213          	
 214          static uint ii=0;
 215          
 216          	TH0 = 0x4c;
 217          	TL0 = 0x00;
 218          	ii++;
 219          	if(ii==20)
 220          	{ii=0;
 221          	shijian++;
 222          	}
 223          
 224          	}
 225          
 226          
 227          	*/
 228          
 229          
 230          
 231          
 232          
 233          /*timer2溢出中断服务程序*/
 234          void timer2Service() interrupt 5{  // pwm调速
 235   1      
 236   1      	TF2=0;
 237   1      	pwmt++;
 238   1      	
 239   1      if(pwmt>=pl) //1khz
C51 COMPILER V6.12  MAIN                                                                   12/06/2020 16:25:15 PAGE 5   

 240   1       
 241   1      pwmt=0;
 242   1       
 243   1      if(pwmt<=zkb) //占空比%30,可改
 244   1       
 245   1      pwm=1;
 246   1       
 247   1      if(pwmt>zkb) pwm=0;
 248   1       
 249   1      
 250   1      
 251   1      }
 252          
 253          
 254          /*pwmt pwm调速中的时间
 255          zkb   占空比
 256          pl 频率
 257          pwm 电机实际输出
 258          TF2 定时器2 溢出重置
 259          */
 260          
 261          
 262          /*模式 ：5 / 10 / 15
 263          加药速度：
 264          计量
 265          加料时间
 266          次数
 267          */
 268          
 269          
 270          


MODULE INFORMATION:   STATIC OVERLAYABLE
   CODE SIZE        =    307    ----
   CONSTANT SIZE    =   ----    ----
   XDATA SIZE       =   ----    ----
   PDATA SIZE       =   ----    ----
   DATA SIZE        =     38       1
   IDATA SIZE       =   ----    ----
   BIT SIZE         =   ----    ----
END OF MODULE INFORMATION.


C51 COMPILATION COMPLETE.  1 WARNING(S),  0 ERROR(S)
