Removed Pin From Net: NetName=VCC Pin=WAVE-1
Removed Pin From Net: NetName=P21 Pin=WAVE-2
Removed Pin From Net: NetName=P20 Pin=WAVE-3
Removed Pin From Net: NetName=GND Pin=WAVE-4
Change component parameters: Designator = "D1"; Footprint = "DO-41"; UniqueID = "\LBOLWLUP"
Change component parameters. Clean all parameters for all variants
Change component parameters (AddParameter): Name = "BOM名称"; Value = "整流二极管"; VariantName = "[No Variations]"
Change component parameters (AddParameter): Name = "学习资源"; Value = "www.ooocke.com"; VariantName = "[No Variations]"
Change component parameters (AddParameter): Name = "版权归属"; Value = "源创客"; VariantName = "[No Variations]"
Change component parameters: Designator = "R1"; Footprint = "RS 1/4W"; UniqueID = "\DUAFRHRP"
Change component parameters. Clean all parameters for all variants
Change component parameters (AddParameter): Name = "BOM名称"; Value = "色环电阻"; VariantName = "[No Variations]"
Change component parameters (AddParameter): Name = "学习资源"; Value = "www.ooocke.com"; VariantName = "[No Variations]"
Change component parameters (AddParameter): Name = "版权归属"; Value = "源创客"; VariantName = "[No Variations]"
Added Component: Designator=D9(DIODE_SOP)
Add component. Clean all parameters for all variants
Add component (AddParameter): Name = "PCB DECAL"; Value = "DIODE_SOP"; VariantName = "[No Variations]"
Add component (AddParameter): Name = "VALUE"; Value = "IN4148"; VariantName = "[No Variations]"
Added Component: Designator=D10(DIODE_SOP)
Add component. Clean all parameters for all variants
Add component (AddParameter): Name = "PCB DECAL"; Value = "DIODE_SOP"; VariantName = "[No Variations]"
Add component (AddParameter): Name = "VALUE"; Value = "IN4148"; VariantName = "[No Variations]"
Added Component: Designator=D12(DIODE_SOP)
Add component. Clean all parameters for all variants
Add component (AddParameter): Name = "PCB DECAL"; Value = "DIODE_SOP"; VariantName = "[No Variations]"
Add component (AddParameter): Name = "VALUE"; Value = "IN4148"; VariantName = "[No Variations]"
Added Component: Designator=D13(DIODE_SOP)
Add component. Clean all parameters for all variants
Add component (AddParameter): Name = "PCB DECAL"; Value = "DIODE_SOP"; VariantName = "[No Variations]"
Add component (AddParameter): Name = "VALUE"; Value = "IN4148"; VariantName = "[No Variations]"
Added Component: Designator=LED1(LED-D5)
Add component. Clean all parameters for all variants
Added Component: Designator=M1(XH-2-SIDE)
Add component. Clean all parameters for all variants
Added Component: Designator=P14(COM3-2.54)
Add component. Clean all parameters for all variants
Added Component: Designator=Q1(SOT-23)
Add component. Clean all parameters for all variants
Add component (AddParameter): Name = "Manufacturer #1"; Value = ""; VariantName = "[No Variations]"
Add component (AddParameter): Name = "Manufacturer #2"; Value = "8050"; VariantName = "[No Variations]"
Add component (AddParameter): Name = "PCB DECAL"; Value = "SOT-23"; VariantName = "[No Variations]"
Add component (AddParameter): Name = "Tolerance"; Value = ""; VariantName = "[No Variations]"
Add component (AddParameter): Name = "Value"; Value = ""; VariantName = "[No Variations]"
Added Component: Designator=Q2(SOT-23)
Add component. Clean all parameters for all variants
Add component (AddParameter): Name = "Manufacturer #1"; Value = ""; VariantName = "[No Variations]"
Add component (AddParameter): Name = "Manufacturer #2"; Value = "8050"; VariantName = "[No Variations]"
Add component (AddParameter): Name = "PCB DECAL"; Value = "SOT-23"; VariantName = "[No Variations]"
Add component (AddParameter): Name = "Tolerance"; Value = ""; VariantName = "[No Variations]"
Add component (AddParameter): Name = "Value"; Value = ""; VariantName = "[No Variations]"
Added Component: Designator=Q13(SOT-23)
Add component. Clean all parameters for all variants
Add component (AddParameter): Name = "Manufacturer #1"; Value = ""; VariantName = "[No Variations]"
Add component (AddParameter): Name = "Manufacturer #2"; Value = "8050"; VariantName = "[No Variations]"
Add component (AddParameter): Name = "PCB DECAL"; Value = "SOT-23"; VariantName = "[No Variations]"
Add component (AddParameter): Name = "Tolerance"; Value = ""; VariantName = "[No Variations]"
Add component (AddParameter): Name = "Value"; Value = ""; VariantName = "[No Variations]"
Added Component: Designator=Q14(SOT-23)
Add component. Clean all parameters for all variants
Add component (AddParameter): Name = "Manufacturer #1"; Value = ""; VariantName = "[No Variations]"
Add component (AddParameter): Name = "Manufacturer #2"; Value = "8050"; VariantName = "[No Variations]"
Add component (AddParameter): Name = "PCB DECAL"; Value = "SOT-23"; VariantName = "[No Variations]"
Add component (AddParameter): Name = "Tolerance"; Value = ""; VariantName = "[No Variations]"
Add component (AddParameter): Name = "Value"; Value = ""; VariantName = "[No Variations]"
Added Component: Designator=Q15(SOT-23)
Add component. Clean all parameters for all variants
Added Component: Designator=Q16(SOT-23)
Add component. Clean all parameters for all variants
Added Component: Designator=R28(AXIAL1.0)
Add component. Clean all parameters for all variants
Added Component: Designator=R29(AXIAL1.0)
Add component. Clean all parameters for all variants
Added Component: Designator=R30(AXIAL1.0)
Add component. Clean all parameters for all variants
Added Component: Designator=R31(AXIAL1.0)
Add component. Clean all parameters for all variants
Added Component: Designator=R32(AXIAL1.0)
Add component. Clean all parameters for all variants
Added Pin To Net: NetName=VCC Pin=D9-2
Added Pin To Net: NetName=VCC Pin=D10-2
Added Pin To Net: NetName=GND Pin=D12-1
Added Pin To Net: NetName=GND Pin=D13-1
Added Pin To Net: NetName=GND Pin=LED1-2
Added Pin To Net: NetName=VCC Pin=P14-1
Added Pin To Net: NetName=GND Pin=P14-2
Added Pin To Net: NetName=GND Pin=Q1-2
Added Pin To Net: NetName=GND Pin=Q2-2
Added Pin To Net: NetName=VCC Pin=Q13-3
Added Pin To Net: NetName=VCC Pin=Q14-3
Added Pin To Net: NetName=GND Pin=Q15-3
Added Pin To Net: NetName=GND Pin=Q16-3
Added Pin To Net: NetName=VCC Pin=R28-2
Added Pin To Net: NetName=VCC Pin=R29-2
Added Pin To Net: NetName=P20 Pin=R30-1
Added Pin To Net: NetName=P21 Pin=R31-1
Added Pin To Net: NetName=NetD9_1 Pin=D9-1
Added Pin To Net: NetName=NetD9_1 Pin=D12-2
Added Pin To Net: NetName=NetD9_1 Pin=M1-1
Added Pin To Net: NetName=NetD9_1 Pin=Q13-2
Added Pin To Net: NetName=NetD9_1 Pin=Q15-2
Added Net: Name=NetD9_1
Added Pin To Net: NetName=NetD10_1 Pin=D10-1
Added Pin To Net: NetName=NetD10_1 Pin=D13-2
Added Pin To Net: NetName=NetD10_1 Pin=M1-2
Added Pin To Net: NetName=NetD10_1 Pin=Q14-2
Added Pin To Net: NetName=NetD10_1 Pin=Q16-2
Added Net: Name=NetD10_1
Added Pin To Net: NetName=NetLED1_1 Pin=LED1-1
Added Pin To Net: NetName=NetLED1_1 Pin=R32-1
Added Net: Name=NetLED1_1
Added Pin To Net: NetName=NetQ1_1 Pin=Q1-1
Added Pin To Net: NetName=NetQ1_1 Pin=R31-2
Added Net: Name=NetQ1_1
Added Pin To Net: NetName=NetQ1_3 Pin=Q1-3
Added Pin To Net: NetName=NetQ1_3 Pin=Q13-1
Added Pin To Net: NetName=NetQ1_3 Pin=Q15-1
Added Pin To Net: NetName=NetQ1_3 Pin=R28-1
Added Net: Name=NetQ1_3
Added Pin To Net: NetName=NetQ2_1 Pin=Q2-1
Added Pin To Net: NetName=NetQ2_1 Pin=R30-2
Added Net: Name=NetQ2_1
Added Pin To Net: NetName=NetQ2_3 Pin=Q2-3
Added Pin To Net: NetName=NetQ2_3 Pin=Q14-1
Added Pin To Net: NetName=NetQ2_3 Pin=Q16-1
Added Pin To Net: NetName=NetQ2_3 Pin=R29-1
Added Net: Name=NetQ2_3
Added Pin To Net: NetName=P22 Pin=R32-2
Added Pin To Net: NetName=P22 Pin=U1-23
Added Net: Name=P22
Added Pin To Net: NetName=P23 Pin=P12-3
Added Pin To Net: NetName=P23 Pin=U1-24
Added Net: Name=P23
Added Pin To Net: NetName=P24 Pin=P14-3
Added Pin To Net: NetName=P24 Pin=U1-25
Added Net: Name=P24
Added Member To Class: ClassName=coursedesign Member=Component C1 33P
Added Member To Class: ClassName=coursedesign Member=Component C2 33P
Added Member To Class: ClassName=coursedesign Member=Component C3 Cap
Added Member To Class: ClassName=coursedesign Member=Component C4 Cap
Added Member To Class: ClassName=coursedesign Member=Component C5 Cap
Added Member To Class: ClassName=coursedesign Member=Component D1 N4007
Added Member To Class: ClassName=coursedesign Member=Component D9 IN4148
Added Member To Class: ClassName=coursedesign Member=Component D10 IN4148
Added Member To Class: ClassName=coursedesign Member=Component D12 IN4148
Added Member To Class: ClassName=coursedesign Member=Component D13 IN4148
Added Member To Class: ClassName=coursedesign Member=Component E1 10uF/16V
Added Member To Class: ClassName=coursedesign Member=Component E2 470
Added Member To Class: ClassName=coursedesign Member=Component K1 6x6x5
Added Member To Class: ClassName=coursedesign Member=Component K2 6x6x5
Added Member To Class: ClassName=coursedesign Member=Component K3 6x6x5
Added Member To Class: ClassName=coursedesign Member=Component LCD1 LCD 1602
Added Member To Class: ClassName=coursedesign Member=Component LED1 LED
Added Member To Class: ClassName=coursedesign Member=Component LED3 蓝色
Added Member To Class: ClassName=coursedesign Member=Component M1 HDR1x2
Added Member To Class: ClassName=coursedesign Member=Component P1 HC-05
Added Member To Class: ClassName=coursedesign Member=Component P11 POWER
Added Member To Class: ClassName=coursedesign Member=Component P12 COM3-2.54
Added Member To Class: ClassName=coursedesign Member=Component P13 XZ
Added Member To Class: ClassName=coursedesign Member=Component P14 COM3-2.54
Added Member To Class: ClassName=coursedesign Member=Component Q1 S8050
Added Member To Class: ClassName=coursedesign Member=Component Q2 S8050
Added Member To Class: ClassName=coursedesign Member=Component Q13 8050
Added Member To Class: ClassName=coursedesign Member=Component Q14 8050
Added Member To Class: ClassName=coursedesign Member=Component Q15 S8550
Added Member To Class: ClassName=coursedesign Member=Component Q16 S8550
Added Member To Class: ClassName=coursedesign Member=Component R1 1K
Added Member To Class: ClassName=coursedesign Member=Component R2 103
Added Member To Class: ClassName=coursedesign Member=Component R6 1K
Added Member To Class: ClassName=coursedesign Member=Component R28 1K
Added Member To Class: ClassName=coursedesign Member=Component R29 1K
Added Member To Class: ClassName=coursedesign Member=Component R30 RES
Added Member To Class: ClassName=coursedesign Member=Component R31 1K
Added Member To Class: ClassName=coursedesign Member=Component R32 RES
Added Member To Class: ClassName=coursedesign Member=Component RP1 10K
Added Member To Class: ClassName=coursedesign Member=Component S2 POWER
Added Member To Class: ClassName=coursedesign Member=Component SW1 6x6x5
Added Member To Class: ClassName=coursedesign Member=Component U1 STC89C5xx
Added Member To Class: ClassName=coursedesign Member=Component Y1 11.0592MHz
Added Room: Name=coursedesign
