Removed Pin From Net: NetName=GND Pin=R6-1
Removed Pin From Net: NetName=NetLED3_2 Pin=R6-2
Change Component Footprint: Designator=C3 Old Footprint=C 0805_L New Footprint=RAD-0.3
Change Component Footprint: Designator=C4 Old Footprint=C 0805_L New Footprint=RAD-0.3
Change Component Footprint: Designator=C5 Old Footprint=C 0805_L New Footprint=RAD-0.3
Change Component Footprint: Designator=R6 Old Footprint=R 0603_L New Footprint=AXIAL0.4
Change Component Comment : Designator=R6 Old Comment=1K New Comment=RES
Change Component Comment : Designator=C3 Old Comment=104 New Comment=Cap
Change Component Comment : Designator=C4 Old Comment=104 New Comment=Cap
Change Component Comment : Designator=C5 Old Comment=104 New Comment=Cap
Change component parameters: Designator = "C3"; Footprint = "RAD-0.3"; UniqueID = "\GNBPHWQL"
Change component parameters. Clean all parameters for all variants
Change component parameters (AddParameter): Name = "LatestRevisionDate"; Value = "17-Jul-2002"; VariantName = "[No Variations]"
Change component parameters (AddParameter): Name = "LatestRevisionNote"; Value = "Re-released for DXP Platform."; VariantName = "[No Variations]"
Change component parameters (AddParameter): Name = "PackageDescription"; Value = "Radial Cap, Thru-Hole; 2 Leads; 0.3 in Pin Spacing"; VariantName = "[No Variations]"
Change component parameters (AddParameter): Name = "PackageReference"; Value = "RAD-0.3"; VariantName = "[No Variations]"
Change component parameters (AddParameter): Name = "Published"; Value = "8-Jun-2000"; VariantName = "[No Variations]"
Change component parameters (AddParameter): Name = "Publisher"; Value = "Altium Limited"; VariantName = "[No Variations]"
Change component parameters (AddParameter): Name = "Value"; Value = "104"; VariantName = "[No Variations]"
Change component parameters: Designator = "C4"; Footprint = "RAD-0.3"; UniqueID = "\DRCAMWWY"
Change component parameters. Clean all parameters for all variants
Change component parameters (AddParameter): Name = "LatestRevisionDate"; Value = "17-Jul-2002"; VariantName = "[No Variations]"
Change component parameters (AddParameter): Name = "LatestRevisionNote"; Value = "Re-released for DXP Platform."; VariantName = "[No Variations]"
Change component parameters (AddParameter): Name = "PackageDescription"; Value = "Radial Cap, Thru-Hole; 2 Leads; 0.3 in Pin Spacing"; VariantName = "[No Variations]"
Change component parameters (AddParameter): Name = "PackageReference"; Value = "RAD-0.3"; VariantName = "[No Variations]"
Change component parameters (AddParameter): Name = "Published"; Value = "8-Jun-2000"; VariantName = "[No Variations]"
Change component parameters (AddParameter): Name = "Publisher"; Value = "Altium Limited"; VariantName = "[No Variations]"
Change component parameters (AddParameter): Name = "Value"; Value = "104"; VariantName = "[No Variations]"
Change component parameters: Designator = "C5"; Footprint = "RAD-0.3"; UniqueID = "\NRQASESI"
Change component parameters. Clean all parameters for all variants
Change component parameters (AddParameter): Name = "LatestRevisionDate"; Value = "17-Jul-2002"; VariantName = "[No Variations]"
Change component parameters (AddParameter): Name = "LatestRevisionNote"; Value = "Re-released for DXP Platform."; VariantName = "[No Variations]"
Change component parameters (AddParameter): Name = "PackageDescription"; Value = "Radial Cap, Thru-Hole; 2 Leads; 0.3 in Pin Spacing"; VariantName = "[No Variations]"
Change component parameters (AddParameter): Name = "PackageReference"; Value = "RAD-0.3"; VariantName = "[No Variations]"
Change component parameters (AddParameter): Name = "Published"; Value = "8-Jun-2000"; VariantName = "[No Variations]"
Change component parameters (AddParameter): Name = "Publisher"; Value = "Altium Limited"; VariantName = "[No Variations]"
Change component parameters (AddParameter): Name = "Value"; Value = "104"; VariantName = "[No Variations]"
Added Component: Designator=R?(AXIAL1.0)
Add component. Clean all parameters for all variants
Added Pin To Net: NetName=NetLED3_2 Pin=R6-1
Added Pin To Net: NetName=GND Pin=R6-2
Added Member To Class: ClassName=coursedesign Member=Component R? RES
Added Room: Name=coursedesign
