Added Component: Designator=Buzzer(BEEP 6.5x12x6)
Add component. Clean all parameters for all variants
Add component (AddParameter): Name = "BOM名称"; Value = "蜂鸣器"; VariantName = "[No Variations]"
Add component (AddParameter): Name = "学习资源"; Value = "www.ooocke.com"; VariantName = "[No Variations]"
Add component (AddParameter): Name = "版权归属"; Value = "源创客"; VariantName = "[No Variations]"
Added Component: Designator=C1(CC 1.8*3.6)
Add component. Clean all parameters for all variants
Add component (AddParameter): Name = "BOM名称"; Value = "直插瓷片电容"; VariantName = "[No Variations]"
Add component (AddParameter): Name = "学习资源"; Value = "www.ooocke.com"; VariantName = "[No Variations]"
Add component (AddParameter): Name = "版权归属"; Value = "源创客"; VariantName = "[No Variations]"
Added Component: Designator=C2(CC 1.8*3.6)
Add component. Clean all parameters for all variants
Add component (AddParameter): Name = "BOM名称"; Value = "直插瓷片电容"; VariantName = "[No Variations]"
Add component (AddParameter): Name = "学习资源"; Value = "www.ooocke.com"; VariantName = "[No Variations]"
Add component (AddParameter): Name = "版权归属"; Value = "源创客"; VariantName = "[No Variations]"
Added Component: Designator=C3(C 0805_L)
Add component. Clean all parameters for all variants
Add component (AddParameter): Name = "BOM名称"; Value = "无极性贴片电容"; VariantName = "[No Variations]"
Add component (AddParameter): Name = "学习资源"; Value = "www.ooocke.com"; VariantName = "[No Variations]"
Add component (AddParameter): Name = "版权归属"; Value = "源创客"; VariantName = "[No Variations]"
Added Component: Designator=C4(C 0805_L)
Add component. Clean all parameters for all variants
Add component (AddParameter): Name = "BOM名称"; Value = "无极性贴片电容"; VariantName = "[No Variations]"
Add component (AddParameter): Name = "学习资源"; Value = "www.ooocke.com"; VariantName = "[No Variations]"
Add component (AddParameter): Name = "版权归属"; Value = "源创客"; VariantName = "[No Variations]"
Added Component: Designator=E1(CAP 1.5*4*8)
Add component. Clean all parameters for all variants
Add component (AddParameter): Name = "BOM名称"; Value = "直插电解电容"; VariantName = "[No Variations]"
Add component (AddParameter): Name = "学习资源"; Value = "www.ooocke.com"; VariantName = "[No Variations]"
Add component (AddParameter): Name = "版权归属"; Value = "源创客"; VariantName = "[No Variations]"
Added Component: Designator=K1(TSW DIP-6*6*6)
Add component. Clean all parameters for all variants
Add component (AddParameter): Name = "BOM名称"; Value = "直插6x6轻触开关"; VariantName = "[No Variations]"
Add component (AddParameter): Name = "学习资源"; Value = "www.ooocke.com"; VariantName = "[No Variations]"
Add component (AddParameter): Name = "版权归属"; Value = "源创客"; VariantName = "[No Variations]"
Added Component: Designator=K2(TSW DIP-6*6*6)
Add component. Clean all parameters for all variants
Add component (AddParameter): Name = "BOM名称"; Value = "直插6x6轻触开关"; VariantName = "[No Variations]"
Add component (AddParameter): Name = "学习资源"; Value = "www.ooocke.com"; VariantName = "[No Variations]"
Add component (AddParameter): Name = "版权归属"; Value = "源创客"; VariantName = "[No Variations]"
Added Component: Designator=K3(TSW DIP-6*6*6)
Add component. Clean all parameters for all variants
Add component (AddParameter): Name = "BOM名称"; Value = "直插6x6轻触开关"; VariantName = "[No Variations]"
Add component (AddParameter): Name = "学习资源"; Value = "www.ooocke.com"; VariantName = "[No Variations]"
Add component (AddParameter): Name = "版权归属"; Value = "源创客"; VariantName = "[No Variations]"
Added Component: Designator=LCD1(LCD-1602)
Add component. Clean all parameters for all variants
Add component (AddParameter): Name = "BOM名称"; Value = "LCD 1602"; VariantName = "[No Variations]"
Add component (AddParameter): Name = "学习资源"; Value = "www.ooocke.com"; VariantName = "[No Variations]"
Add component (AddParameter): Name = "版权归属"; Value = "源创客"; VariantName = "[No Variations]"
Added Component: Designator=LED1(LED 5MM-G)
Add component. Clean all parameters for all variants
Add component (AddParameter): Name = "BOM名称"; Value = "5mm插件LED"; VariantName = "[No Variations]"
Add component (AddParameter): Name = "学习资源"; Value = "www.ooocke.com"; VariantName = "[No Variations]"
Add component (AddParameter): Name = "版权归属"; Value = "源创客"; VariantName = "[No Variations]"
Added Component: Designator=LED2(LED 5MM-R)
Add component. Clean all parameters for all variants
Add component (AddParameter): Name = "BOM名称"; Value = "5mm插件LED"; VariantName = "[No Variations]"
Add component (AddParameter): Name = "学习资源"; Value = "www.ooocke.com"; VariantName = "[No Variations]"
Add component (AddParameter): Name = "版权归属"; Value = "源创客"; VariantName = "[No Variations]"
Added Component: Designator=M1(XH2.54-LI-2P)
Add component. Clean all parameters for all variants
Add component (AddParameter): Name = "BOM名称"; Value = "直流电机"; VariantName = "[No Variations]"
Add component (AddParameter): Name = "学习资源"; Value = "www.ooocke.com"; VariantName = "[No Variations]"
Add component (AddParameter): Name = "版权归属"; Value = "源创客"; VariantName = "[No Variations]"
Added Component: Designator=Q1(TO92A)
Add component. Clean all parameters for all variants
Add component (AddParameter): Name = "BOM名称"; Value = "高频放大-NPN型"; VariantName = "[No Variations]"
Add component (AddParameter): Name = "学习资源"; Value = "www.ooocke.com"; VariantName = "[No Variations]"
Add component (AddParameter): Name = "属性"; Value = "40V 1.5A 1W 100MHZ"; VariantName = "[No Variations]"
Add component (AddParameter): Name = "版权归属"; Value = "源创客"; VariantName = "[No Variations]"
Added Component: Designator=R1(RS 1/4W)
Add component. Clean all parameters for all variants
Add component (AddParameter): Name = "BOM名称"; Value = "色环电阻"; VariantName = "[No Variations]"
Add component (AddParameter): Name = "学习资源"; Value = "www.ooocke.com"; VariantName = "[No Variations]"
Add component (AddParameter): Name = "版权归属"; Value = "源创客"; VariantName = "[No Variations]"
Added Component: Designator=R2(R SIP9-2.54)
Add component. Clean all parameters for all variants
Add component (AddParameter): Name = "BOM名称"; Value = "单列直插排阻"; VariantName = "[No Variations]"
Add component (AddParameter): Name = "学习资源"; Value = "www.ooocke.com"; VariantName = "[No Variations]"
Add component (AddParameter): Name = "版权归属"; Value = "源创客"; VariantName = "[No Variations]"
Added Component: Designator=R3(R 0603_L)
Add component. Clean all parameters for all variants
Add component (AddParameter): Name = "BOM名称"; Value = "贴片电阻"; VariantName = "[No Variations]"
Add component (AddParameter): Name = "学习资源"; Value = "www.ooocke.com"; VariantName = "[No Variations]"
Add component (AddParameter): Name = "版权归属"; Value = "源创客"; VariantName = "[No Variations]"
Added Component: Designator=R4(R 0603_L)
Add component. Clean all parameters for all variants
Add component (AddParameter): Name = "BOM名称"; Value = "贴片电阻"; VariantName = "[No Variations]"
Add component (AddParameter): Name = "学习资源"; Value = "www.ooocke.com"; VariantName = "[No Variations]"
Add component (AddParameter): Name = "版权归属"; Value = "源创客"; VariantName = "[No Variations]"
Added Component: Designator=R5(RS 1/4W)
Add component. Clean all parameters for all variants
Add component (AddParameter): Name = "BOM名称"; Value = "色环电阻"; VariantName = "[No Variations]"
Add component (AddParameter): Name = "学习资源"; Value = "www.ooocke.com"; VariantName = "[No Variations]"
Add component (AddParameter): Name = "版权归属"; Value = "源创客"; VariantName = "[No Variations]"
Added Component: Designator=R7(R 0603_L)
Add component. Clean all parameters for all variants
Add component (AddParameter): Name = "BOM名称"; Value = "贴片电阻"; VariantName = "[No Variations]"
Add component (AddParameter): Name = "学习资源"; Value = "www.ooocke.com"; VariantName = "[No Variations]"
Add component (AddParameter): Name = "版权归属"; Value = "源创客"; VariantName = "[No Variations]"
Added Component: Designator=RP1(3296W)
Add component. Clean all parameters for all variants
Add component (AddParameter): Name = "BOM名称"; Value = "插件电位器"; VariantName = "[No Variations]"
Add component (AddParameter): Name = "学习资源"; Value = "www.ooocke.com"; VariantName = "[No Variations]"
Add component (AddParameter): Name = "版权归属"; Value = "源创客"; VariantName = "[No Variations]"
Added Component: Designator=SW1(TSW DIP-6*6*6)
Add component. Clean all parameters for all variants
Add component (AddParameter): Name = "BOM名称"; Value = "直插6x6轻触开关"; VariantName = "[No Variations]"
Add component (AddParameter): Name = "学习资源"; Value = "www.ooocke.com"; VariantName = "[No Variations]"
Add component (AddParameter): Name = "版权归属"; Value = "源创客"; VariantName = "[No Variations]"
Added Component: Designator=U1(DIP40-600)
Add component. Clean all parameters for all variants
Add component (AddParameter): Name = "BOM名称"; Value = "STC单片机"; VariantName = "[No Variations]"
Add component (AddParameter): Name = "学习资源"; Value = "www.ooocke.com"; VariantName = "[No Variations]"
Add component (AddParameter): Name = "版权归属"; Value = "源创客"; VariantName = "[No Variations]"
Added Component: Designator=USB(USB-A/S_A)
Add component. Clean all parameters for all variants
Add component (AddParameter): Name = "BOM名称"; Value = "USB-A型母接口"; VariantName = "[No Variations]"
Add component (AddParameter): Name = "学习资源"; Value = "www.ooocke.com"; VariantName = "[No Variations]"
Add component (AddParameter): Name = "版权归属"; Value = "源创客"; VariantName = "[No Variations]"
Added Component: Designator=V1(SOT223_L)
Add component. Clean all parameters for all variants
Add component (AddParameter): Name = "BOM名称"; Value = "稳压芯片"; VariantName = "[No Variations]"
Add component (AddParameter): Name = "学习资源"; Value = "www.ooocke.com"; VariantName = "[No Variations]"
Add component (AddParameter): Name = "版权归属"; Value = "源创客"; VariantName = "[No Variations]"
Added Component: Designator=WAVE(HDR2.54-LI-4P)
Add component. Clean all parameters for all variants
Add component (AddParameter): Name = "BOM名称"; Value = "4P接插件"; VariantName = "[No Variations]"
Add component (AddParameter): Name = "学习资源"; Value = "www.ooocke.com"; VariantName = "[No Variations]"
Add component (AddParameter): Name = "版权归属"; Value = "源创客"; VariantName = "[No Variations]"
Added Component: Designator=Y1(OSC HC-49S)
Add component. Clean all parameters for all variants
Add component (AddParameter): Name = "BOM名称"; Value = "2脚无源脚晶振"; VariantName = "[No Variations]"
Add component (AddParameter): Name = "学习资源"; Value = "www.ooocke.com"; VariantName = "[No Variations]"
Add component (AddParameter): Name = "版权归属"; Value = "源创客"; VariantName = "[No Variations]"
Added Pin To Net: NetName=5V Pin=M1-1
Added Pin To Net: NetName=5V Pin=USB-1
Added Pin To Net: NetName=5V Pin=V1-3
Added Pin To Net: NetName=5V Pin=WAVE-1
Added Net: Name=5V
Added Pin To Net: NetName=GND Pin=C1-2
Added Pin To Net: NetName=GND Pin=C2-2
Added Pin To Net: NetName=GND Pin=C3-1
Added Pin To Net: NetName=GND Pin=C4-1
Added Pin To Net: NetName=GND Pin=K3-3
Added Pin To Net: NetName=GND Pin=LCD1-1
Added Pin To Net: NetName=GND Pin=LCD1-16
Added Pin To Net: NetName=GND Pin=Q1-1
Added Pin To Net: NetName=GND Pin=R1-2
Added Pin To Net: NetName=GND Pin=RP1-2
Added Pin To Net: NetName=GND Pin=V1-1
Added Pin To Net: NetName=GND Pin=WAVE-4
Added Net: Name=GND
Added Pin To Net: NetName=NetBuzzer_2 Pin=Buzzer-2
Added Pin To Net: NetName=NetBuzzer_2 Pin=R7-1
Added Net: Name=NetBuzzer_2
Added Pin To Net: NetName=NetK1_3 Pin=K1-3
Added Pin To Net: NetName=NetK1_3 Pin=K2-2
Added Net: Name=NetK1_3
Added Pin To Net: NetName=NetK2_3 Pin=K2-3
Added Pin To Net: NetName=NetK2_3 Pin=K3-2
Added Net: Name=NetK2_3
Added Pin To Net: NetName=NetLCD1_3 Pin=LCD1-3
Added Pin To Net: NetName=NetLCD1_3 Pin=RP1-1
Added Net: Name=NetLCD1_3
Added Pin To Net: NetName=NetLED1_1 Pin=LED1-1
Added Pin To Net: NetName=NetLED1_1 Pin=R4-1
Added Net: Name=NetLED1_1
Added Pin To Net: NetName=NetLED2_1 Pin=LED2-1
Added Pin To Net: NetName=NetLED2_1 Pin=R3-1
Added Net: Name=NetLED2_1
Added Pin To Net: NetName=NetM1_2 Pin=M1-2
Added Pin To Net: NetName=NetM1_2 Pin=Q1-3
Added Net: Name=NetM1_2
Added Pin To Net: NetName=NetQ1_2 Pin=Q1-2
Added Pin To Net: NetName=NetQ1_2 Pin=R5-2
Added Net: Name=NetQ1_2
Added Pin To Net: NetName=P00 Pin=LCD1-7
Added Pin To Net: NetName=P00 Pin=R2-9
Added Pin To Net: NetName=P00 Pin=U1-39
Added Net: Name=P00
Added Pin To Net: NetName=P01 Pin=LCD1-8
Added Pin To Net: NetName=P01 Pin=R2-8
Added Pin To Net: NetName=P01 Pin=U1-38
Added Net: Name=P01
Added Pin To Net: NetName=P02 Pin=LCD1-9
Added Pin To Net: NetName=P02 Pin=R2-7
Added Pin To Net: NetName=P02 Pin=U1-37
Added Net: Name=P02
Added Pin To Net: NetName=P03 Pin=LCD1-10
Added Pin To Net: NetName=P03 Pin=R2-6
Added Pin To Net: NetName=P03 Pin=U1-36
Added Net: Name=P03
Added Pin To Net: NetName=P04 Pin=LCD1-11
Added Pin To Net: NetName=P04 Pin=R2-5
Added Pin To Net: NetName=P04 Pin=U1-35
Added Net: Name=P04
Added Pin To Net: NetName=P05 Pin=LCD1-12
Added Pin To Net: NetName=P05 Pin=R2-4
Added Pin To Net: NetName=P05 Pin=U1-34
Added Net: Name=P05
Added Pin To Net: NetName=P06 Pin=LCD1-13
Added Pin To Net: NetName=P06 Pin=R2-3
Added Pin To Net: NetName=P06 Pin=U1-33
Added Net: Name=P06
Added Pin To Net: NetName=P07 Pin=LCD1-14
Added Pin To Net: NetName=P07 Pin=R2-2
Added Pin To Net: NetName=P07 Pin=U1-32
Added Net: Name=P07
Added Pin To Net: NetName=P10 Pin=K1-1
Added Pin To Net: NetName=P10 Pin=U1-1
Added Net: Name=P10
Added Pin To Net: NetName=P11 Pin=K2-1
Added Pin To Net: NetName=P11 Pin=U1-2
Added Net: Name=P11
Added Pin To Net: NetName=P12 Pin=K3-1
Added Pin To Net: NetName=P12 Pin=U1-3
Added Net: Name=P12
Added Pin To Net: NetName=P13 Pin=LED1-2
Added Pin To Net: NetName=P13 Pin=U1-4
Added Net: Name=P13
Added Pin To Net: NetName=P14 Pin=LED2-2
Added Pin To Net: NetName=P14 Pin=U1-5
Added Net: Name=P14
Added Pin To Net: NetName=P15 Pin=Buzzer-1
Added Pin To Net: NetName=P15 Pin=U1-6
Added Net: Name=P15
Added Pin To Net: NetName=P20 Pin=U1-21
Added Pin To Net: NetName=P20 Pin=WAVE-3
Added Net: Name=P20
Added Pin To Net: NetName=P21 Pin=U1-22
Added Pin To Net: NetName=P21 Pin=WAVE-2
Added Net: Name=P21
Added Pin To Net: NetName=P23 Pin=R5-1
Added Pin To Net: NetName=P23 Pin=U1-24
Added Net: Name=P23
Added Pin To Net: NetName=P25 Pin=LCD1-5
Added Pin To Net: NetName=P25 Pin=U1-26
Added Net: Name=P25
Added Pin To Net: NetName=P26 Pin=LCD1-4
Added Pin To Net: NetName=P26 Pin=U1-27
Added Net: Name=P26
Added Pin To Net: NetName=P27 Pin=LCD1-6
Added Pin To Net: NetName=P27 Pin=U1-28
Added Net: Name=P27
Added Pin To Net: NetName=RES Pin=E1-2
Added Pin To Net: NetName=RES Pin=R1-1
Added Pin To Net: NetName=RES Pin=SW1-2
Added Pin To Net: NetName=RES Pin=SW1-3
Added Pin To Net: NetName=RES Pin=U1-9
Added Net: Name=RES
Added Pin To Net: NetName=VCC Pin=C3-2
Added Pin To Net: NetName=VCC Pin=C4-2
Added Pin To Net: NetName=VCC Pin=E1-1
Added Pin To Net: NetName=VCC Pin=LCD1-2
Added Pin To Net: NetName=VCC Pin=LCD1-15
Added Pin To Net: NetName=VCC Pin=R2-1
Added Pin To Net: NetName=VCC Pin=R3-2
Added Pin To Net: NetName=VCC Pin=R4-2
Added Pin To Net: NetName=VCC Pin=R7-2
Added Pin To Net: NetName=VCC Pin=SW1-1
Added Pin To Net: NetName=VCC Pin=SW1-4
Added Pin To Net: NetName=VCC Pin=U1-40
Added Pin To Net: NetName=VCC Pin=V1-2
Added Pin To Net: NetName=VCC Pin=V1-2
Added Net: Name=VCC
Added Pin To Net: NetName=X1 Pin=C2-1
Added Pin To Net: NetName=X1 Pin=U1-18
Added Pin To Net: NetName=X1 Pin=Y1-2
Added Net: Name=X1
Added Pin To Net: NetName=X2 Pin=C1-1
Added Pin To Net: NetName=X2 Pin=U1-19
Added Pin To Net: NetName=X2 Pin=Y1-1
Added Net: Name=X2
Added Class: Name=coursedesign
Added Room: Name=coursedesign
