Removed Pin From Net: NetName=GND Pin=C5-1
Removed Pin From Net: NetName=VCC Pin=C5-2
Removed Pin From Net: NetName=VCC Pin=D9-2
Removed Pin From Net: NetName=VCC Pin=D10-2
Removed Pin From Net: NetName=GND Pin=D12-1
Removed Pin From Net: NetName=GND Pin=D13-1
Removed Pin From Net: NetName=GND Pin=P11-1
Removed Pin From Net: NetName=NetD1_1 Pin=P11-2
Removed Pin From Net: NetName=GND Pin=Q1-2
Removed Pin From Net: NetName=GND Pin=Q2-2
Removed Pin From Net: NetName=VCC Pin=Q13-3
Removed Pin From Net: NetName=VCC Pin=Q14-3
Removed Pin From Net: NetName=GND Pin=RP1-2
Removed Pin From Net: NetName=VCC Pin=SW1-1
Removed Member From Class: ClassName=coursedesign Member=D13
Removed Member From Class: ClassName=coursedesign Member=P11
Removed Member From Class: ClassName=coursedesign Member=Q13
Removed Member From Class: ClassName=coursedesign Member=Q14
Change Component Footprint: Designator=C3 Old Footprint=RAD-0.3 New Footprint=RAD0.1
Change Component Footprint: Designator=C4 Old Footprint=RAD-0.3 New Footprint=RAD0.1
Change Component Footprint: Designator=C5 Old Footprint=RAD-0.3 New Footprint=RAD0.1
Change Component Footprint: Designator=Q1 Old Footprint=SOT-23 New Footprint=TO-92
Change Component Footprint: Designator=Q2 Old Footprint=SOT-23 New Footprint=TO-92
Change Component Footprint: Designator=Q15 Old Footprint=SOT-23 New Footprint=TO-92
Change Component Footprint: Designator=Q16 Old Footprint=SOT-23 New Footprint=TO-92
Change Component Comment : Designator=C3 Old Comment=Cap New Comment=100pF
Change Component Comment : Designator=C4 Old Comment=Cap New Comment=104
Change Component Comment : Designator=C5 Old Comment=Cap New Comment=104
Change Component Comment : Designator=D9 Old Comment=IN4148 New Comment=1n4148
Change Component Comment : Designator=D10 Old Comment=IN4148 New Comment=1n4148
Change Component Comment : Designator=D12 Old Comment=IN4148 New Comment=1n4148
Change Component Comment : Designator=Q1 Old Comment=S8050 New Comment=NPN_2
Change Component Comment : Designator=Q2 Old Comment=S8050 New Comment=NPN_2
Change component parameters: Designator = "D9"; Footprint = "DIODE0.4A"; UniqueID = "\MIHHOHFN"
Change component parameters. Clean all parameters for all variants
Change component parameters: Designator = "D10"; Footprint = "DIODE0.4A"; UniqueID = "\WXHRAFPX"
Change component parameters. Clean all parameters for all variants
Change component parameters: Designator = "D12"; Footprint = "DIODE0.4A"; UniqueID = "\XSXETRCS"
Change component parameters. Clean all parameters for all variants
Change component parameters: Designator = "C1"; Footprint = "CC 1.8*3.6"; UniqueID = "\NQUEAJFX"
Change component parameters. Clean all parameters for all variants
Change component parameters (AddParameter): Name = "BOM名称"; Value = "直插瓷片电容"; VariantName = "[No Variations]"
Change component parameters (AddParameter): Name = "学习资源"; Value = "www.ooocke.com"; VariantName = "[No Variations]"
Change component parameters (AddParameter): Name = "版权归属"; Value = "源创客"; VariantName = "[No Variations]"
Change component parameters: Designator = "C2"; Footprint = "CC 1.8*3.6"; UniqueID = "\GNDNOPQW"
Change component parameters. Clean all parameters for all variants
Change component parameters (AddParameter): Name = "BOM名称"; Value = "直插瓷片电容"; VariantName = "[No Variations]"
Change component parameters (AddParameter): Name = "学习资源"; Value = "www.ooocke.com"; VariantName = "[No Variations]"
Change component parameters (AddParameter): Name = "版权归属"; Value = "源创客"; VariantName = "[No Variations]"
Change component parameters: Designator = "D1"; Footprint = "DO-41"; UniqueID = "\LBOLWLUP"
Change component parameters. Clean all parameters for all variants
Change component parameters (AddParameter): Name = "BOM名称"; Value = "整流二极管"; VariantName = "[No Variations]"
Change component parameters (AddParameter): Name = "学习资源"; Value = "www.ooocke.com"; VariantName = "[No Variations]"
Change component parameters (AddParameter): Name = "版权归属"; Value = "源创客"; VariantName = "[No Variations]"
Change component parameters: Designator = "E1"; UniqueID = "\DYYOLMGA"
Change component parameters. Clean all parameters for all variants
Change component parameters: Designator = "E2"; UniqueID = "\KKGAOLUX"
Change component parameters. Clean all parameters for all variants
Change component parameters: Designator = "K1"; Footprint = "TSW DIP-6*6*6"; UniqueID = "\XMKIIXAK"
Change component parameters. Clean all parameters for all variants
Change component parameters (AddParameter): Name = "BOM名称"; Value = "直插6x6轻触开关"; VariantName = "[No Variations]"
Change component parameters (AddParameter): Name = "学习资源"; Value = "www.ooocke.com"; VariantName = "[No Variations]"
Change component parameters (AddParameter): Name = "版权归属"; Value = "源创客"; VariantName = "[No Variations]"
Change component parameters: Designator = "K2"; Footprint = "TSW DIP-6*6*6"; UniqueID = "\NNRDNLOU"
Change component parameters. Clean all parameters for all variants
Change component parameters (AddParameter): Name = "BOM名称"; Value = "直插6x6轻触开关"; VariantName = "[No Variations]"
Change component parameters (AddParameter): Name = "学习资源"; Value = "www.ooocke.com"; VariantName = "[No Variations]"
Change component parameters (AddParameter): Name = "版权归属"; Value = "源创客"; VariantName = "[No Variations]"
Change component parameters: Designator = "K3"; Footprint = "TSW DIP-6*6*6"; UniqueID = "\UIYGJXAC"
Change component parameters. Clean all parameters for all variants
Change component parameters (AddParameter): Name = "BOM名称"; Value = "直插6x6轻触开关"; VariantName = "[No Variations]"
Change component parameters (AddParameter): Name = "学习资源"; Value = "www.ooocke.com"; VariantName = "[No Variations]"
Change component parameters (AddParameter): Name = "版权归属"; Value = "源创客"; VariantName = "[No Variations]"
Change component parameters: Designator = "LCD1"; Footprint = "LCD-1602"; UniqueID = "\TQVJHKGT"
Change component parameters. Clean all parameters for all variants
Change component parameters (AddParameter): Name = "BOM名称"; Value = "LCD 1602"; VariantName = "[No Variations]"
Change component parameters (AddParameter): Name = "学习资源"; Value = "www.ooocke.com"; VariantName = "[No Variations]"
Change component parameters (AddParameter): Name = "版权归属"; Value = "源创客"; VariantName = "[No Variations]"
Change component parameters: Designator = "LED3"; Footprint = "LED 5MM-G"; UniqueID = "\MRYSAGJE"
Change component parameters. Clean all parameters for all variants
Change component parameters (AddParameter): Name = "BOM名称"; Value = "5mm插件LED"; VariantName = "[No Variations]"
Change component parameters (AddParameter): Name = "学习资源"; Value = "www.ooocke.com"; VariantName = "[No Variations]"
Change component parameters (AddParameter): Name = "版权归属"; Value = "源创客"; VariantName = "[No Variations]"
Change component parameters: Designator = "M1"; Footprint = "HDR2.54-LI-2P"; UniqueID = "\CVNQJXXF"
Change component parameters. Clean all parameters for all variants
Change component parameters (AddParameter): Name = "BOM名称"; Value = "2P接插件"; VariantName = "[No Variations]"
Change component parameters (AddParameter): Name = "学习资源"; Value = "www.ooocke.com"; VariantName = "[No Variations]"
Change component parameters (AddParameter): Name = "版权归属"; Value = "源创客"; VariantName = "[No Variations]"
Change component parameters: Designator = "R1"; Footprint = "RS 1/4W"; UniqueID = "\DUAFRHRP"
Change component parameters. Clean all parameters for all variants
Change component parameters (AddParameter): Name = "BOM名称"; Value = "色环电阻"; VariantName = "[No Variations]"
Change component parameters (AddParameter): Name = "学习资源"; Value = "www.ooocke.com"; VariantName = "[No Variations]"
Change component parameters (AddParameter): Name = "版权归属"; Value = "源创客"; VariantName = "[No Variations]"
Change component parameters: Designator = "R2"; Footprint = "R SIP9-2.54"; UniqueID = "\UJGKUKFY"
Change component parameters. Clean all parameters for all variants
Change component parameters (AddParameter): Name = "BOM名称"; Value = "单列直插排阻"; VariantName = "[No Variations]"
Change component parameters (AddParameter): Name = "学习资源"; Value = "www.ooocke.com"; VariantName = "[No Variations]"
Change component parameters (AddParameter): Name = "版权归属"; Value = "源创客"; VariantName = "[No Variations]"
Change component parameters: Designator = "R6"; Footprint = "RS 1/4W"; UniqueID = "\ADICLNKX"
Change component parameters. Clean all parameters for all variants
Change component parameters (AddParameter): Name = "BOM名称"; Value = "色环电阻"; VariantName = "[No Variations]"
Change component parameters (AddParameter): Name = "学习资源"; Value = "www.ooocke.com"; VariantName = "[No Variations]"
Change component parameters (AddParameter): Name = "版权归属"; Value = "源创客"; VariantName = "[No Variations]"
Change component parameters: Designator = "RP1"; Footprint = "VR"; UniqueID = "\HEPEWEDH"
Change component parameters. Clean all parameters for all variants
Change component parameters: Designator = "S2"; Footprint = "KCD1-101"; UniqueID = "\RYVLDQMF"
Change component parameters. Clean all parameters for all variants
Change component parameters (AddParameter): Name = "BOM名称"; Value = "1路单刀船型开关"; VariantName = "[No Variations]"
Change component parameters (AddParameter): Name = "学习资源"; Value = "www.ooocke.com"; VariantName = "[No Variations]"
Change component parameters (AddParameter): Name = "版权归属"; Value = "源创客"; VariantName = "[No Variations]"
Change component parameters: Designator = "SW1"; Footprint = "TSW DIP-6*6*6"; UniqueID = "\BERDDOWC"
Change component parameters. Clean all parameters for all variants
Change component parameters (AddParameter): Name = "BOM名称"; Value = "直插6x6轻触开关"; VariantName = "[No Variations]"
Change component parameters (AddParameter): Name = "学习资源"; Value = "www.ooocke.com"; VariantName = "[No Variations]"
Change component parameters (AddParameter): Name = "版权归属"; Value = "源创客"; VariantName = "[No Variations]"
Change component parameters: Designator = "U1"; Footprint = "DIP40-600"; UniqueID = "\EOXPDLJH"
Change component parameters. Clean all parameters for all variants
Change component parameters (AddParameter): Name = "BOM名称"; Value = "STC单片机"; VariantName = "[No Variations]"
Change component parameters (AddParameter): Name = "学习资源"; Value = "www.ooocke.com"; VariantName = "[No Variations]"
Change component parameters (AddParameter): Name = "版权归属"; Value = "源创客"; VariantName = "[No Variations]"
Change component parameters: Designator = "Y1"; Footprint = "OSC HC-49S"; UniqueID = "\KNSCUBFJ"
Change component parameters. Clean all parameters for all variants
Change component parameters (AddParameter): Name = "BOM名称"; Value = "2脚无源脚晶振"; VariantName = "[No Variations]"
Change component parameters (AddParameter): Name = "学习资源"; Value = "www.ooocke.com"; VariantName = "[No Variations]"
Change component parameters (AddParameter): Name = "版权归属"; Value = "源创客"; VariantName = "[No Variations]"
Change component parameters: Designator = "Q1"; Footprint = "TO-92"; UniqueID = "\VPRMLLMY"
Change component parameters. Clean all parameters for all variants
Change component parameters: Designator = "Q2"; Footprint = "TO-92"; UniqueID = "\PYTBKKSY"
Change component parameters. Clean all parameters for all variants
Change component parameters: Designator = "C3"; Footprint = "RAD0.1"; UniqueID = "\KDGKQBKI"
Change component parameters. Clean all parameters for all variants
Change component parameters: Designator = "C4"; Footprint = "RAD0.1"; UniqueID = "\JPCCNSVS"
Change component parameters. Clean all parameters for all variants
Change component parameters: Designator = "C5"; Footprint = "RAD0.1"; UniqueID = "\BWIJOWWF"
Change component parameters. Clean all parameters for all variants
Added Component: Designator=Q3(TO-92)
Add component. Clean all parameters for all variants
Added Component: Designator=Q4(TO-92)
Add component. Clean all parameters for all variants
Added Pin To Net: NetName=VCC Pin=C5-1
Added Pin To Net: NetName=GND Pin=C5-2
Added Pin To Net: NetName=NetD9_A Pin=M1-1
Added Pin To Net: NetName=NetD9_A Pin=Q15-1
Added Net: Name=NetD9_A
Added Pin To Net: NetName=NetD11_K Pin=M1-2
Added Pin To Net: NetName=NetD11_K Pin=Q16-1
Added Net: Name=NetD11_K
Added Pin To Net: NetName=NetQ1_B Pin=R31-2
Added Net: Name=NetQ1_B
Added Pin To Net: NetName=NetQ1_C Pin=Q15-2
Added Pin To Net: NetName=NetQ1_C Pin=R28-1
Added Net: Name=NetQ1_C
Added Pin To Net: NetName=NetQ2_B Pin=R30-2
Added Net: Name=NetQ2_B
Added Pin To Net: NetName=NetQ2_C Pin=Q16-2
Added Pin To Net: NetName=NetQ2_C Pin=R29-1
Added Net: Name=NetQ2_C
Added Member To Class: ClassName=coursedesign Member=Component Q3 NPN_2
Added Member To Class: ClassName=coursedesign Member=Component Q4 NPN_2
Added Room: Name=coursedesign
