Removed Pin From Net: NetName=GND Pin=V1-1
Removed Pin From Net: NetName=VCC Pin=V1-2
Removed Pin From Net: NetName=VCC Pin=V1-2
Removed Member From Class: ClassName=coursedesign Member=V1
Change Component Comment : Designator=USB Old Comment=USB New Comment=1
Added Component: Designator=C5(C 0805_L)
Add component. Clean all parameters for all variants
Add component (AddParameter): Name = "BOM名称"; Value = "无极性贴片电容"; VariantName = "[No Variations]"
Add component (AddParameter): Name = "学习资源"; Value = "www.ooocke.com"; VariantName = "[No Variations]"
Add component (AddParameter): Name = "版权归属"; Value = "源创客"; VariantName = "[No Variations]"
Added Component: Designator=D1(DO-41)
Add component. Clean all parameters for all variants
Add component (AddParameter): Name = "BOM名称"; Value = "整流二极管"; VariantName = "[No Variations]"
Add component (AddParameter): Name = "学习资源"; Value = "www.ooocke.com"; VariantName = "[No Variations]"
Add component (AddParameter): Name = "版权归属"; Value = "源创客"; VariantName = "[No Variations]"
Added Component: Designator=E2(CAP 1.5*4*8)
Add component. Clean all parameters for all variants
Add component (AddParameter): Name = "BOM名称"; Value = "直插电解电容"; VariantName = "[No Variations]"
Add component (AddParameter): Name = "学习资源"; Value = "www.ooocke.com"; VariantName = "[No Variations]"
Add component (AddParameter): Name = "版权归属"; Value = "源创客"; VariantName = "[No Variations]"
Added Component: Designator=LED3(LED 5MM-G)
Add component. Clean all parameters for all variants
Add component (AddParameter): Name = "BOM名称"; Value = "5mm插件LED"; VariantName = "[No Variations]"
Add component (AddParameter): Name = "学习资源"; Value = "www.ooocke.com"; VariantName = "[No Variations]"
Add component (AddParameter): Name = "版权归属"; Value = "源创客"; VariantName = "[No Variations]"
Added Component: Designator=R?(R 0603_L)
Add component. Clean all parameters for all variants
Add component (AddParameter): Name = "BOM名称"; Value = "贴片电阻"; VariantName = "[No Variations]"
Add component (AddParameter): Name = "学习资源"; Value = "www.ooocke.com"; VariantName = "[No Variations]"
Add component (AddParameter): Name = "版权归属"; Value = "源创客"; VariantName = "[No Variations]"
Added Component: Designator=S2(KCD1-101)
Add component. Clean all parameters for all variants
Add component (AddParameter): Name = "BOM名称"; Value = "1路单刀船型开关"; VariantName = "[No Variations]"
Add component (AddParameter): Name = "学习资源"; Value = "www.ooocke.com"; VariantName = "[No Variations]"
Add component (AddParameter): Name = "版权归属"; Value = "源创客"; VariantName = "[No Variations]"
Added Pin To Net: NetName=GND Pin=C5-1
Added Pin To Net: NetName=VCC Pin=C5-2
Added Pin To Net: NetName=VCC Pin=E2-1
Added Pin To Net: NetName=GND Pin=E2-2
Added Pin To Net: NetName=VCC Pin=LED3-1
Added Pin To Net: NetName=VCC Pin=M1-1
Added Pin To Net: NetName=GND Pin=R?-1
Added Pin To Net: NetName=VCC Pin=S2-2
Added Pin To Net: NetName=GND Pin=USB-4
Added Pin To Net: NetName=GND Pin=USB-4
Added Pin To Net: NetName=GND Pin=USB-4
Added Pin To Net: NetName=VCC Pin=WAVE-1
Added Pin To Net: NetName=NetD1_1 Pin=D1-1
Added Pin To Net: NetName=NetD1_1 Pin=USB-1
Added Net: Name=NetD1_1
Added Pin To Net: NetName=NetD1_2 Pin=D1-2
Added Pin To Net: NetName=NetD1_2 Pin=S2-1
Added Net: Name=NetD1_2
Added Pin To Net: NetName=NetLED3_2 Pin=LED3-2
Added Pin To Net: NetName=NetLED3_2 Pin=R?-2
Added Net: Name=NetLED3_2
Added Member To Class: ClassName=coursedesign Member=Component C5 104
Added Member To Class: ClassName=coursedesign Member=Component D1 N4007
Added Member To Class: ClassName=coursedesign Member=Component E2 470
Added Member To Class: ClassName=coursedesign Member=Component LED3 蓝色
Added Member To Class: ClassName=coursedesign Member=Component R? 1K
Added Member To Class: ClassName=coursedesign Member=Component S2 POWER
