Removed Pin From Net: NetName=GND Pin=C4-1
Removed Pin From Net: NetName=VCC Pin=C4-2
Removed Pin From Net: NetName=GND Pin=C5-1
Removed Pin From Net: NetName=VCC Pin=C5-2
Change Component Comment : Designator=C3 Old Comment=Cap New Comment=104
Change Component Comment : Designator=C4 Old Comment=Cap New Comment=104
Change Component Comment : Designator=C5 Old Comment=Cap New Comment=104
Change component parameters: Designator = "C3"; Footprint = "CC 1.8*3.6"; UniqueID = "\WCEWMGTK"
Change component parameters. Clean all parameters for all variants
Change component parameters (AddParameter): Name = "BOM名称"; Value = "直插瓷片电容"; VariantName = "[No Variations]"
Change component parameters (AddParameter): Name = "学习资源"; Value = "www.ooocke.com"; VariantName = "[No Variations]"
Change component parameters (AddParameter): Name = "版权归属"; Value = "源创客"; VariantName = "[No Variations]"
Change component parameters: Designator = "C4"; Footprint = "CC 1.8*3.6"; UniqueID = "\GXYTRLMM"
Change component parameters. Clean all parameters for all variants
Change component parameters (AddParameter): Name = "BOM名称"; Value = "直插瓷片电容"; VariantName = "[No Variations]"
Change component parameters (AddParameter): Name = "学习资源"; Value = "www.ooocke.com"; VariantName = "[No Variations]"
Change component parameters (AddParameter): Name = "版权归属"; Value = "源创客"; VariantName = "[No Variations]"
Change component parameters: Designator = "C5"; Footprint = "CC 1.8*3.6"; UniqueID = "\ICBQALOY"
Change component parameters. Clean all parameters for all variants
Change component parameters (AddParameter): Name = "BOM名称"; Value = "直插瓷片电容"; VariantName = "[No Variations]"
Change component parameters (AddParameter): Name = "学习资源"; Value = "www.ooocke.com"; VariantName = "[No Variations]"
Change component parameters (AddParameter): Name = "版权归属"; Value = "源创客"; VariantName = "[No Variations]"
Added Pin To Net: NetName=VCC Pin=C4-1
Added Pin To Net: NetName=GND Pin=C4-2
Added Pin To Net: NetName=VCC Pin=C5-1
Added Pin To Net: NetName=GND Pin=C5-2
Added Room: Name=coursedesign
